#
# A fatal error has been detected by the Java Runtime Environment:
#
#  EXCEPTION_ACCESS_VIOLATION (0xc0000005) at pc=0x00007ff8fb847336, pid=14176, tid=6048
#
# JRE version: OpenJDK Runtime Environment (11.0.6+10) (build 11.0.6+10)
# Java VM: OpenJDK 64-Bit Server VM (11.0.6+10, mixed mode, tiered, compressed oops, g1 gc, windows-amd64)
# Problematic frame:
# V  [jvm.dll+0x187336]
#
# No core dump will be written. Minidumps are not enabled by default on client versions of Windows
#
# If you would like to submit a bug report, please visit:
#   https://github.com/AdoptOpenJDK/openjdk-support/issues
#

---------------  S U M M A R Y ------------

Command Line: -DintegTest.distZipVersion=6.6.1-20201101050000+0000 -DintegTest.gradleUserHomeDir=C:\Users\dfbra\Documents\SoftwareEvProject\gradle\gradle-6.6.1\intTestHomeDir\distributions-full -DintegTest.samplesdir=C:\Users\dfbra\Documents\SoftwareEvProject\gradle\gradle-6.6.1\subprojects\docs\src\snippets -Dorg.gradle.integtest.daemon.registry=C:\Users\dfbra\Documents\SoftwareEvProject\gradle\gradle-6.6.1\build\daemon\distributions-full -Dorg.gradle.integtest.executer=embedded -Dorg.gradle.integtest.versions=default -Dorg.gradle.native=false --add-opens=java.base/java.util=ALL-UNNAMED --add-opens=java.base/java.lang=ALL-UNNAMED -XX:+HeapDumpOnOutOfMemoryError -Xmx512m -Dfile.encoding=UTF-8 -Duser.country=US -Duser.language=en -Duser.variant -ea worker.org.gradle.process.internal.worker.GradleWorkerMain 'Gradle Test Executor 131'

Host: Intel(R) Core(TM) i7-2600K CPU @ 3.40GHz, 8 cores, 7G,  Windows 10 , 64 bit Build 19041 (10.0.19041.546)
Time: Sun Nov  1 13:47:01 2020 Central Standard Time elapsed time: 12 seconds (0d 0h 0m 12s)

---------------  T H R E A D  ---------------

Current thread (0x00000263ae98f000):  GCTaskThread "GC Thread#1" [stack: 0x000000f4c5d00000,0x000000f4c5e00000] [id=6048]

Stack: [0x000000f4c5d00000,0x000000f4c5e00000],  sp=0x000000f4c5dff6e8,  free space=1021k
Native frames: (J=compiled Java code, j=interpreted, Vv=VM code, C=native code)
V  [jvm.dll+0x187336]


siginfo: EXCEPTION_ACCESS_VIOLATION (0xc0000005), reading address 0x0000000001000028


Register to memory mapping:

RIP=0x00007ff8fb847336 jvm.dll
RAX=0x0000000000000001 is an unknown value
RBX=0x00000000e377e664 is pointing into object: [Ljava.lang.Object; 
{0x00000000e377d728} - klass: 'java/lang/Object'[]
 - length: 1280
RCX=0x00000000e701f901 is pointing into object: java.lang.Class 
{0x00000000e701f900} - klass: 'java/lang/Class'
RDX=0x00000000e701f901 is pointing into object: java.lang.Class 
{0x00000000e701f900} - klass: 'java/lang/Class'
RSP=0x000000f4c5dff6e8 points into unknown readable memory: ae 64 9b fb f8 7f 00 00
RBP=0x00000263b03d8e20 points into unknown readable memory: e8 a0 ed fb f8 7f 00 00
RSI=0x00000263b03d8e20 points into unknown readable memory: e8 a0 ed fb f8 7f 00 00
RDI=0x0000000000000001 is an unknown value
R8 =0x00000000e701f901 is pointing into object: java.lang.Class 
{0x00000000e701f900} - klass: 'java/lang/Class'
R9 =0x0000000001000020 is an unknown value
R10=0x000000000000000c is an unknown value
R11=0x0000000000000001 is an unknown value
R12=0x00000263adf3a2b0 points into unknown readable memory: 6a 61 76 61 2e 6c 61 6e
R13=0x00000000000003d8 is an unknown value
R14=0x00000000e701f901 is pointing into object: java.lang.Class 
{0x00000000e701f900} - klass: 'java/lang/Class'
R15=0x0e00000000e37df6 is an unknown value


Registers:
RAX=0x0000000000000001, RBX=0x00000000e377e664, RCX=0x00000000e701f901, RDX=0x00000000e701f901
RSP=0x000000f4c5dff6e8, RBP=0x00000263b03d8e20, RSI=0x00000263b03d8e20, RDI=0x0000000000000001
R8 =0x00000000e701f901, R9 =0x0000000001000020, R10=0x000000000000000c, R11=0x0000000000000001
R12=0x00000263adf3a2b0, R13=0x00000000000003d8, R14=0x00000000e701f901, R15=0x0e00000000e37df6
RIP=0x00007ff8fb847336, EFLAGS=0x0000000000010202

Top of Stack: (sp=0x000000f4c5dff6e8)
0x000000f4c5dff6e8:   00007ff8fb9b64ae 00000000e5fb9952
0x000000f4c5dff6f8:   00000263b03d8f90 00000263b03d8e20
0x000000f4c5dff708:   00000000000003e8 00000009000003e8
0x000000f4c5dff718:   00007ff8fb98dda4 00000000e377d728
0x000000f4c5dff728:   00007ff8fb98fca8 00000263b03d8e20
0x000000f4c5dff738:   0000000000000000 000002638fd0c728
0x000000f4c5dff748:   00000000000003d8 00000263adf3a2b0
0x000000f4c5dff758:   00000263b03d8e20 000002638fab3a20
0x000000f4c5dff768:   00007ff8fb98fd8b 00000263b03d8e20
0x000000f4c5dff778:   000002638fd0c728 0000000000000000
0x000000f4c5dff788:   00000000e377e664 000002638fd0c720
0x000000f4c5dff798:   00007ff8fb9b7245 000000000000002f
0x000000f4c5dff7a8:   00000263b03d8f90 00000263b03d8e20
0x000000f4c5dff7b8:   00000000000002ee 0000014600000019
0x000000f4c5dff7c8:   0000014700000019 00000000e377d728
0x000000f4c5dff7d8:   00007ff8fb98fca8 000000f4c5dff8d0 

Instructions: (pc=0x00007ff8fb847336)
0x00007ff8fb847236:   eb 04 48 8b 43 08 81 78 08 00 00 00 c0 73 7d 48
0x00007ff8fb847246:   8b 4f 38 48 8b d3 48 8b 01 ff 50 20 84 c0 75 6c
0x00007ff8fb847256:   38 05 f5 7e 86 00 74 15 8b 53 08 8b 0d b1 f7 81
0x00007ff8fb847266:   00 48 d3 e2 48 03 15 9f f7 81 00 eb 04 48 8b 53
0x00007ff8fb847276:   08 48 8b cb 48 89 5c 24 20 e8 ac 00 00 00 80 7f
0x00007ff8fb847286:   30 00 48 63 c8 48 89 4c 24 28 0f 28 44 24 20 74
0x00007ff8fb847296:   17 0f 11 86 90 03 00 00 48 8b 5c 24 40 48 8b 74
0x00007ff8fb8472a6:   24 48 48 83 c4 30 5f c3 48 8b 07 48 8d 54 24 20
0x00007ff8fb8472b6:   48 8b cf 66 0f 7f 44 24 20 ff 50 38 48 8b 5c 24
0x00007ff8fb8472c6:   40 48 8b 74 24 48 48 83 c4 30 5f c3 cc cc cc cc
0x00007ff8fb8472d6:   cc cc cc cc cc cc cc cc cc cc 48 8b 49 38 48 8b
0x00007ff8fb8472e6:   01 48 ff 60 28 cc cc cc cc cc 80 3d 5a 7e 86 00
0x00007ff8fb8472f6:   00 48 8b c1 74 1b 8b 51 08 8b 0d 13 f7 81 00 48
0x00007ff8fb847306:   d3 e2 48 8b c8 48 03 15 fe f6 81 00 e9 19 00 00
0x00007ff8fb847316:   00 48 8b 51 08 48 8b c8 e9 0d 00 00 00 cc cc cc
0x00007ff8fb847326:   cc cc cc cc cc cc cc cc cc cc 4c 8b ca 48 8b d1
0x00007ff8fb847336:   45 8b 41 08 45 85 c0 7e 0e 41 f6 c0 01 75 56 41
0x00007ff8fb847346:   c1 f8 03 41 8b c0 c3 79 4c 80 3d fb 7d 86 00 00
0x00007ff8fb847356:   b8 0c 00 00 00 b9 10 00 00 00 0f 45 c8 8b 05 ef
0x00007ff8fb847366:   42 80 00 ff c8 4c 63 c8 48 63 14 11 41 8b c8 83
0x00007ff8fb847376:   e1 3f 48 d3 e2 41 8b c8 48 c1 f9 10 0f b6 c1 49
0x00007ff8fb847386:   8d 0c 11 49 f7 d1 48 03 c1 49 c1 e9 03 48 c1 e8
0x00007ff8fb847396:   03 41 23 c1 c3 49 8b 01 49 8b c9 48 ff a0 10 01
0x00007ff8fb8473a6:   00 00 cc cc cc cc cc cc cc cc 48 8b c2 c3 cc cc
0x00007ff8fb8473b6:   cc cc cc cc cc cc cc cc cc cc 48 83 ec 38 0f 10
0x00007ff8fb8473c6:   02 48 8b 49 38 48 8d 54 24 20 0f 29 44 24 20 e8
0x00007ff8fb8473d6:   16 f0 ff ff 48 83 c4 38 c3 cc 48 83 ec 38 0f 10
0x00007ff8fb8473e6:   02 48 8b 01 48 8d 54 24 20 0f 29 44 24 20 ff 50
0x00007ff8fb8473f6:   38 48 83 c4 38 c3 cc cc cc cc 48 89 5c 24 08 55
0x00007ff8fb847406:   56 57 41 54 41 55 41 56 41 57 48 8d 6c 24 e0 48
0x00007ff8fb847416:   81 ec 20 01 00 00 48 8b 05 75 78 83 00 48 33 c4
0x00007ff8fb847426:   48 89 45 10 48 8b 05 df ea 85 00 45 33 ed 4c 8b 


Stack slot to memory mapping:
stack at sp + 0 slots: 0x00007ff8fb9b64ae jvm.dll
stack at sp + 1 slots: 0x00000000e5fb9952 is pointing into object: [Ljava.lang.Object; 
{0x00000000e5fb9950} - klass: 'java/lang/Object'[]
 - length: 1280
stack at sp + 2 slots: 0x00000263b03d8f90 points into unknown readable memory: a0 a0 ed fb f8 7f 00 00
stack at sp + 3 slots: 0x00000263b03d8e20 points into unknown readable memory: e8 a0 ed fb f8 7f 00 00
stack at sp + 4 slots: 0x00000000000003e8 is an unknown value
stack at sp + 5 slots: 0x00000009000003e8 is an unknown value
stack at sp + 6 slots: 0x00007ff8fb98dda4 jvm.dll
stack at sp + 7 slots: 0x00000000e377d728 is an oop: [Ljava.lang.Object; 
{0x00000000e377d728} - klass: 'java/lang/Object'[]
 - length: 1280


---------------  P R O C E S S  ---------------

Threads class SMR info:
_java_thread_list=0x00000263b02fd2b0, length=14, elements={
0x000002638fcf2800, 0x00000263ad307000, 0x00000263ad308800, 0x00000263adc92800,
0x00000263ad31e800, 0x00000263ad31f000, 0x00000263ad324000, 0x00000263adcd0000,
0x00000263adf35800, 0x00000263adf3e000, 0x00000263ae258800, 0x00000263addd2800,
0x00000263ae24f000, 0x00000263b04db000
}

Java Threads: ( => current thread )
  0x000002638fcf2800 JavaThread "main" [_thread_blocked, id=10144, stack(0x000000f4c4c00000,0x000000f4c4d00000)]
  0x00000263ad307000 JavaThread "Reference Handler" daemon [_thread_blocked, id=3592, stack(0x000000f4c5300000,0x000000f4c5400000)]
  0x00000263ad308800 JavaThread "Finalizer" daemon [_thread_blocked, id=13116, stack(0x000000f4c5400000,0x000000f4c5500000)]
  0x00000263adc92800 JavaThread "Signal Dispatcher" daemon [_thread_blocked, id=16984, stack(0x000000f4c5500000,0x000000f4c5600000)]
  0x00000263ad31e800 JavaThread "Attach Listener" daemon [_thread_blocked, id=17192, stack(0x000000f4c5600000,0x000000f4c5700000)]
  0x00000263ad31f000 JavaThread "C2 CompilerThread0" daemon [_thread_blocked, id=2020, stack(0x000000f4c5700000,0x000000f4c5800000)]
  0x00000263ad324000 JavaThread "C1 CompilerThread0" daemon [_thread_blocked, id=5040, stack(0x000000f4c5800000,0x000000f4c5900000)]
  0x00000263adcd0000 JavaThread "Sweeper thread" daemon [_thread_blocked, id=16868, stack(0x000000f4c5900000,0x000000f4c5a00000)]
  0x00000263adf35800 JavaThread "Common-Cleaner" daemon [_thread_blocked, id=9448, stack(0x000000f4c5a00000,0x000000f4c5b00000)]
  0x00000263adf3e000 JavaThread "Service Thread" daemon [_thread_blocked, id=10608, stack(0x000000f4c5b00000,0x000000f4c5c00000)]
  0x00000263ae258800 JavaThread "Test worker" [_thread_blocked, id=10292, stack(0x000000f4c6000000,0x000000f4c6100000)]
  0x00000263addd2800 JavaThread "/127.0.0.1:50258 to /127.0.0.1:50241 workers Thread 2" [_thread_blocked, id=15172, stack(0x000000f4c6100000,0x000000f4c6200000)]
  0x00000263ae24f000 JavaThread "/127.0.0.1:50258 to /127.0.0.1:50241 workers Thread 3" [_thread_in_native, id=18160, stack(0x000000f4c6200000,0x000000f4c6300000)]
  0x00000263b04db000 JavaThread "C2 CompilerThread1" daemon [_thread_blocked, id=6768, stack(0x000000f4c6300000,0x000000f4c6400000)]

Other Threads:
  0x00000263ad302800 VMThread "VM Thread" [stack: 0x000000f4c5200000,0x000000f4c5300000] [id=1880]
  0x00000263adf3f000 WatcherThread [stack: 0x000000f4c5c00000,0x000000f4c5d00000] [id=10016]
  0x000002638fd0b000 GCTaskThread "GC Thread#0" [stack: 0x000000f4c4d00000,0x000000f4c4e00000] [id=7248]
=>0x00000263ae98f000 GCTaskThread "GC Thread#1" [stack: 0x000000f4c5d00000,0x000000f4c5e00000] [id=6048]
  0x00000263ae5bc000 GCTaskThread "GC Thread#2" [stack: 0x000000f4c5e00000,0x000000f4c5f00000] [id=3128]
  0x00000263b00eb800 GCTaskThread "GC Thread#3" [stack: 0x000000f4c6500000,0x000000f4c6600000] [id=17344]
  0x00000263affbf000 GCTaskThread "GC Thread#4" [stack: 0x000000f4c6600000,0x000000f4c6700000] [id=3444]
  0x00000263affc0000 GCTaskThread "GC Thread#5" [stack: 0x000000f4c6700000,0x000000f4c6800000] [id=7588]
  0x00000263af2e8000 GCTaskThread "GC Thread#6" [stack: 0x000000f4c6800000,0x000000f4c6900000] [id=3280]
  0x00000263af2e9000 GCTaskThread "GC Thread#7" [stack: 0x000000f4c6900000,0x000000f4c6a00000] [id=15804]
  0x000002638fd1c000 ConcurrentGCThread "G1 Main Marker" [stack: 0x000000f4c4e00000,0x000000f4c4f00000] [id=1584]
  0x000002638fd1d800 ConcurrentGCThread "G1 Conc#0" [stack: 0x000000f4c4f00000,0x000000f4c5000000] [id=5564]
  0x00000263af53a000 ConcurrentGCThread "G1 Conc#1" [stack: 0x000000f4c6400000,0x000000f4c6500000] [id=18364]
  0x000002638fdb3800 ConcurrentGCThread "G1 Refine#0" [stack: 0x000000f4c5000000,0x000000f4c5100000] [id=6996]
  0x000002638fdb5000 ConcurrentGCThread "G1 Young RemSet Sampling" [stack: 0x000000f4c5100000,0x000000f4c5200000] [id=10164]

Threads with active compile tasks:
C2 CompilerThread0  12369 2129   !   4       java.util.concurrent.ConcurrentHashMap::transfer (828 bytes)
C1 CompilerThread0  12369 2152       3       java.util.regex.Pattern::sequence (645 bytes)
C2 CompilerThread1  12370 2112       4       org.gradle.api.internal.classpath.DefaultModuleRegistry$DefaultModule::collectRequiredModules (99 bytes)

VM state:at safepoint (normal execution)

VM Mutex/Monitor currently owned by a thread:  ([mutex/lock_event])
[0x000002638fcef8a0] Threads_lock - owner thread: 0x00000263ad302800
[0x000002638fcef030] Heap_lock - owner thread: 0x00000263ae258800

Heap address: 0x00000000e0000000, size: 512 MB, Compressed Oops mode: 32-bit
Narrow klass base: 0x0000000000000000, Narrow klass shift: 3
Compressed class space size: 1073741824 Address: 0x0000000100000000

Heap:
 garbage-first heap   total 131072K, used 86523K [0x00000000e0000000, 0x0000000100000000)
  region size 1024K, 70 young (71680K), 6 survivors (6144K)
 Metaspace       used 23539K, capacity 23976K, committed 24320K, reserved 1071104K
  class space    used 2550K, capacity 2712K, committed 2816K, reserved 1048576K
Heap Regions: E=young(eden), S=young(survivor), O=old, HS=humongous(starts), HC=humongous(continues), CS=collection set, F=free, A=archive, TAMS=top-at-mark-start (previous, next)
|   0|0x00000000e0000000, 0x00000000e0100000, 0x00000000e0100000|100%|HS|  |TAMS 0x00000000e0100000, 0x00000000e0000000| Complete 
|   1|0x00000000e0100000, 0x00000000e0200000, 0x00000000e0200000|100%|HC|  |TAMS 0x00000000e0200000, 0x00000000e0100000| Complete 
|   2|0x00000000e0200000, 0x00000000e0300000, 0x00000000e0300000|100%|HC|  |TAMS 0x00000000e0300000, 0x00000000e0200000| Complete 
|   3|0x00000000e0300000, 0x00000000e0400000, 0x00000000e0400000|100%|HS|  |TAMS 0x00000000e0400000, 0x00000000e0300000| Complete 
|   4|0x00000000e0400000, 0x00000000e0500000, 0x00000000e0500000|100%|HC|  |TAMS 0x00000000e0500000, 0x00000000e0400000| Complete 
|   5|0x00000000e0500000, 0x00000000e0600000, 0x00000000e0600000|100%| O|  |TAMS 0x00000000e0600000, 0x00000000e0500000| Untracked 
|   6|0x00000000e0600000, 0x00000000e0700000, 0x00000000e0700000|100%| O|  |TAMS 0x00000000e0700000, 0x00000000e0600000| Untracked 
|   7|0x00000000e0700000, 0x00000000e0800000, 0x00000000e0800000|100%| O|  |TAMS 0x00000000e0800000, 0x00000000e0700000| Untracked 
|   8|0x00000000e0800000, 0x00000000e0900000, 0x00000000e0900000|100%| O|  |TAMS 0x00000000e0900000, 0x00000000e0800000| Untracked 
|   9|0x00000000e0900000, 0x00000000e0a00000, 0x00000000e0a00000|100%| O|  |TAMS 0x00000000e0a00000, 0x00000000e0900000| Untracked 
|  10|0x00000000e0a00000, 0x00000000e0b00000, 0x00000000e0b00000|100%| O|  |TAMS 0x00000000e0b00000, 0x00000000e0a00000| Untracked 
|  11|0x00000000e0b00000, 0x00000000e0c00000, 0x00000000e0c00000|100%| O|  |TAMS 0x00000000e0c00000, 0x00000000e0b00000| Untracked 
|  12|0x00000000e0c00000, 0x00000000e0d00000, 0x00000000e0d00000|100%| O|  |TAMS 0x00000000e0d00000, 0x00000000e0c00000| Untracked 
|  13|0x00000000e0d00000, 0x00000000e0e00000, 0x00000000e0e00000|100%| O|  |TAMS 0x00000000e0e00000, 0x00000000e0d00000| Untracked 
|  14|0x00000000e0e00000, 0x00000000e0f00000, 0x00000000e0f00000|100%| O|  |TAMS 0x00000000e0f00000, 0x00000000e0e00000| Untracked 
|  15|0x00000000e0f00000, 0x00000000e1000000, 0x00000000e1000000|100%| O|  |TAMS 0x00000000e1000000, 0x00000000e0f00000| Untracked 
|  16|0x00000000e1000000, 0x00000000e1066800, 0x00000000e1100000| 40%| O|  |TAMS 0x00000000e1066800, 0x00000000e1000000| Untracked 
|  17|0x00000000e1100000, 0x00000000e1100000, 0x00000000e1200000|  0%| F|  |TAMS 0x00000000e1100000, 0x00000000e1100000| Untracked 
|  18|0x00000000e1200000, 0x00000000e1200000, 0x00000000e1300000|  0%| F|  |TAMS 0x00000000e1200000, 0x00000000e1200000| Untracked 
|  19|0x00000000e1300000, 0x00000000e1300000, 0x00000000e1400000|  0%| F|  |TAMS 0x00000000e1300000, 0x00000000e1300000| Untracked 
|  20|0x00000000e1400000, 0x00000000e1400000, 0x00000000e1500000|  0%| F|  |TAMS 0x00000000e1400000, 0x00000000e1400000| Untracked 
|  21|0x00000000e1500000, 0x00000000e1500000, 0x00000000e1600000|  0%| F|  |TAMS 0x00000000e1500000, 0x00000000e1500000| Untracked 
|  22|0x00000000e1600000, 0x00000000e1600000, 0x00000000e1700000|  0%| F|  |TAMS 0x00000000e1600000, 0x00000000e1600000| Untracked 
|  23|0x00000000e1700000, 0x00000000e1700000, 0x00000000e1800000|  0%| F|  |TAMS 0x00000000e1700000, 0x00000000e1700000| Untracked 
|  24|0x00000000e1800000, 0x00000000e1800000, 0x00000000e1900000|  0%| F|  |TAMS 0x00000000e1800000, 0x00000000e1800000| Untracked 
|  25|0x00000000e1900000, 0x00000000e1900000, 0x00000000e1a00000|  0%| F|  |TAMS 0x00000000e1900000, 0x00000000e1900000| Untracked 
|  26|0x00000000e1a00000, 0x00000000e1a00000, 0x00000000e1b00000|  0%| F|  |TAMS 0x00000000e1a00000, 0x00000000e1a00000| Untracked 
|  27|0x00000000e1b00000, 0x00000000e1b00000, 0x00000000e1c00000|  0%| F|  |TAMS 0x00000000e1b00000, 0x00000000e1b00000| Untracked 
|  28|0x00000000e1c00000, 0x00000000e1c00000, 0x00000000e1d00000|  0%| F|  |TAMS 0x00000000e1c00000, 0x00000000e1c00000| Untracked 
|  29|0x00000000e1d00000, 0x00000000e1d00000, 0x00000000e1e00000|  0%| F|  |TAMS 0x00000000e1d00000, 0x00000000e1d00000| Untracked 
|  30|0x00000000e1e00000, 0x00000000e1e00000, 0x00000000e1f00000|  0%| F|  |TAMS 0x00000000e1e00000, 0x00000000e1e00000| Untracked 
|  31|0x00000000e1f00000, 0x00000000e1f00000, 0x00000000e2000000|  0%| F|  |TAMS 0x00000000e1f00000, 0x00000000e1f00000| Untracked 
|  32|0x00000000e2000000, 0x00000000e2000000, 0x00000000e2100000|  0%| F|  |TAMS 0x00000000e2000000, 0x00000000e2000000| Untracked 
|  33|0x00000000e2100000, 0x00000000e2100000, 0x00000000e2200000|  0%| F|  |TAMS 0x00000000e2100000, 0x00000000e2100000| Untracked 
|  34|0x00000000e2200000, 0x00000000e2200000, 0x00000000e2300000|  0%| F|  |TAMS 0x00000000e2200000, 0x00000000e2200000| Untracked 
|  35|0x00000000e2300000, 0x00000000e2300000, 0x00000000e2400000|  0%| F|  |TAMS 0x00000000e2300000, 0x00000000e2300000| Untracked 
|  36|0x00000000e2400000, 0x00000000e2400000, 0x00000000e2500000|  0%| F|  |TAMS 0x00000000e2400000, 0x00000000e2400000| Untracked 
|  37|0x00000000e2500000, 0x00000000e2500000, 0x00000000e2600000|  0%| F|  |TAMS 0x00000000e2500000, 0x00000000e2500000| Untracked 
|  38|0x00000000e2600000, 0x00000000e2600000, 0x00000000e2700000|  0%| F|  |TAMS 0x00000000e2600000, 0x00000000e2600000| Untracked 
|  39|0x00000000e2700000, 0x00000000e2700000, 0x00000000e2800000|  0%| F|  |TAMS 0x00000000e2700000, 0x00000000e2700000| Untracked 
|  40|0x00000000e2800000, 0x00000000e2800000, 0x00000000e2900000|  0%| F|  |TAMS 0x00000000e2800000, 0x00000000e2800000| Untracked 
|  41|0x00000000e2900000, 0x00000000e2900000, 0x00000000e2a00000|  0%| F|  |TAMS 0x00000000e2900000, 0x00000000e2900000| Untracked 
|  42|0x00000000e2a00000, 0x00000000e2a00000, 0x00000000e2b00000|  0%| F|  |TAMS 0x00000000e2a00000, 0x00000000e2a00000| Untracked 
|  43|0x00000000e2b00000, 0x00000000e2b00000, 0x00000000e2c00000|  0%| F|  |TAMS 0x00000000e2b00000, 0x00000000e2b00000| Untracked 
|  44|0x00000000e2c00000, 0x00000000e2c00000, 0x00000000e2d00000|  0%| F|  |TAMS 0x00000000e2c00000, 0x00000000e2c00000| Untracked 
|  45|0x00000000e2d00000, 0x00000000e2d00000, 0x00000000e2e00000|  0%| F|  |TAMS 0x00000000e2d00000, 0x00000000e2d00000| Untracked 
|  46|0x00000000e2e00000, 0x00000000e2e00000, 0x00000000e2f00000|  0%| F|  |TAMS 0x00000000e2e00000, 0x00000000e2e00000| Untracked 
|  47|0x00000000e2f00000, 0x00000000e2f00000, 0x00000000e3000000|  0%| F|  |TAMS 0x00000000e2f00000, 0x00000000e2f00000| Untracked 
|  48|0x00000000e3000000, 0x00000000e3000000, 0x00000000e3100000|  0%| F|  |TAMS 0x00000000e3000000, 0x00000000e3000000| Untracked 
|  49|0x00000000e3100000, 0x00000000e3100000, 0x00000000e3200000|  0%| F|  |TAMS 0x00000000e3100000, 0x00000000e3100000| Untracked 
|  50|0x00000000e3200000, 0x00000000e3200000, 0x00000000e3300000|  0%| F|  |TAMS 0x00000000e3200000, 0x00000000e3200000| Untracked 
|  51|0x00000000e3300000, 0x00000000e3300000, 0x00000000e3400000|  0%| F|  |TAMS 0x00000000e3300000, 0x00000000e3300000| Untracked 
|  52|0x00000000e3400000, 0x00000000e3400000, 0x00000000e3500000|  0%| F|  |TAMS 0x00000000e3400000, 0x00000000e3400000| Untracked 
|  53|0x00000000e3500000, 0x00000000e35d6b00, 0x00000000e3600000| 83%| S|  |TAMS 0x00000000e3500000, 0x00000000e3500000| Complete 
|  54|0x00000000e3600000, 0x00000000e3700000, 0x00000000e3700000|100%| S|  |TAMS 0x00000000e3600000, 0x00000000e3600000| Complete 
|  55|0x00000000e3700000, 0x00000000e3800000, 0x00000000e3800000|100%| S|  |TAMS 0x00000000e3700000, 0x00000000e3700000| Complete 
|  56|0x00000000e3800000, 0x00000000e3900000, 0x00000000e3900000|100%| S|  |TAMS 0x00000000e3800000, 0x00000000e3800000| Complete 
|  57|0x00000000e3900000, 0x00000000e3a00000, 0x00000000e3a00000|100%| S|  |TAMS 0x00000000e3900000, 0x00000000e3900000| Complete 
|  58|0x00000000e3a00000, 0x00000000e3b00000, 0x00000000e3b00000|100%| S|  |TAMS 0x00000000e3a00000, 0x00000000e3a00000| Complete 
|  59|0x00000000e3b00000, 0x00000000e3c00000, 0x00000000e3c00000|100%| E|CS|TAMS 0x00000000e3b00000, 0x00000000e3b00000| Complete 
|  60|0x00000000e3c00000, 0x00000000e3d00000, 0x00000000e3d00000|100%| E|CS|TAMS 0x00000000e3c00000, 0x00000000e3c00000| Complete 
|  61|0x00000000e3d00000, 0x00000000e3e00000, 0x00000000e3e00000|100%| E|CS|TAMS 0x00000000e3d00000, 0x00000000e3d00000| Complete 
|  62|0x00000000e3e00000, 0x00000000e3f00000, 0x00000000e3f00000|100%| E|CS|TAMS 0x00000000e3e00000, 0x00000000e3e00000| Complete 
|  63|0x00000000e3f00000, 0x00000000e4000000, 0x00000000e4000000|100%| E|CS|TAMS 0x00000000e3f00000, 0x00000000e3f00000| Complete 
|  64|0x00000000e4000000, 0x00000000e4100000, 0x00000000e4100000|100%| E|CS|TAMS 0x00000000e4000000, 0x00000000e4000000| Complete 
|  65|0x00000000e4100000, 0x00000000e4200000, 0x00000000e4200000|100%| E|CS|TAMS 0x00000000e4100000, 0x00000000e4100000| Complete 
|  66|0x00000000e4200000, 0x00000000e4300000, 0x00000000e4300000|100%| E|CS|TAMS 0x00000000e4200000, 0x00000000e4200000| Complete 
|  67|0x00000000e4300000, 0x00000000e4400000, 0x00000000e4400000|100%| E|CS|TAMS 0x00000000e4300000, 0x00000000e4300000| Complete 
|  68|0x00000000e4400000, 0x00000000e4500000, 0x00000000e4500000|100%| E|CS|TAMS 0x00000000e4400000, 0x00000000e4400000| Complete 
|  69|0x00000000e4500000, 0x00000000e4600000, 0x00000000e4600000|100%| E|CS|TAMS 0x00000000e4500000, 0x00000000e4500000| Complete 
|  70|0x00000000e4600000, 0x00000000e4700000, 0x00000000e4700000|100%| E|CS|TAMS 0x00000000e4600000, 0x00000000e4600000| Complete 
|  71|0x00000000e4700000, 0x00000000e4800000, 0x00000000e4800000|100%| E|CS|TAMS 0x00000000e4700000, 0x00000000e4700000| Complete 
|  72|0x00000000e4800000, 0x00000000e4900000, 0x00000000e4900000|100%| E|CS|TAMS 0x00000000e4800000, 0x00000000e4800000| Complete 
|  73|0x00000000e4900000, 0x00000000e4a00000, 0x00000000e4a00000|100%| E|CS|TAMS 0x00000000e4900000, 0x00000000e4900000| Complete 
|  74|0x00000000e4a00000, 0x00000000e4b00000, 0x00000000e4b00000|100%| E|CS|TAMS 0x00000000e4a00000, 0x00000000e4a00000| Complete 
|  75|0x00000000e4b00000, 0x00000000e4c00000, 0x00000000e4c00000|100%| E|CS|TAMS 0x00000000e4b00000, 0x00000000e4b00000| Complete 
|  76|0x00000000e4c00000, 0x00000000e4d00000, 0x00000000e4d00000|100%| E|CS|TAMS 0x00000000e4c00000, 0x00000000e4c00000| Complete 
|  77|0x00000000e4d00000, 0x00000000e4e00000, 0x00000000e4e00000|100%| E|CS|TAMS 0x00000000e4d00000, 0x00000000e4d00000| Complete 
|  78|0x00000000e4e00000, 0x00000000e4f00000, 0x00000000e4f00000|100%| E|CS|TAMS 0x00000000e4e00000, 0x00000000e4e00000| Complete 
|  79|0x00000000e4f00000, 0x00000000e5000000, 0x00000000e5000000|100%| E|CS|TAMS 0x00000000e4f00000, 0x00000000e4f00000| Complete 
|  80|0x00000000e5000000, 0x00000000e5100000, 0x00000000e5100000|100%| E|CS|TAMS 0x00000000e5000000, 0x00000000e5000000| Complete 
|  81|0x00000000e5100000, 0x00000000e5200000, 0x00000000e5200000|100%| E|CS|TAMS 0x00000000e5100000, 0x00000000e5100000| Complete 
|  82|0x00000000e5200000, 0x00000000e5300000, 0x00000000e5300000|100%| E|CS|TAMS 0x00000000e5200000, 0x00000000e5200000| Complete 
|  83|0x00000000e5300000, 0x00000000e5400000, 0x00000000e5400000|100%| E|CS|TAMS 0x00000000e5300000, 0x00000000e5300000| Complete 
|  84|0x00000000e5400000, 0x00000000e5500000, 0x00000000e5500000|100%| E|CS|TAMS 0x00000000e5400000, 0x00000000e5400000| Complete 
|  85|0x00000000e5500000, 0x00000000e5600000, 0x00000000e5600000|100%| E|CS|TAMS 0x00000000e5500000, 0x00000000e5500000| Complete 
|  86|0x00000000e5600000, 0x00000000e5700000, 0x00000000e5700000|100%| E|CS|TAMS 0x00000000e5600000, 0x00000000e5600000| Complete 
|  87|0x00000000e5700000, 0x00000000e5800000, 0x00000000e5800000|100%| E|CS|TAMS 0x00000000e5700000, 0x00000000e5700000| Complete 
|  88|0x00000000e5800000, 0x00000000e5900000, 0x00000000e5900000|100%| E|CS|TAMS 0x00000000e5800000, 0x00000000e5800000| Complete 
|  89|0x00000000e5900000, 0x00000000e5a00000, 0x00000000e5a00000|100%| E|CS|TAMS 0x00000000e5900000, 0x00000000e5900000| Complete 
|  90|0x00000000e5a00000, 0x00000000e5b00000, 0x00000000e5b00000|100%| E|CS|TAMS 0x00000000e5a00000, 0x00000000e5a00000| Complete 
|  91|0x00000000e5b00000, 0x00000000e5c00000, 0x00000000e5c00000|100%| E|CS|TAMS 0x00000000e5b00000, 0x00000000e5b00000| Complete 
|  92|0x00000000e5c00000, 0x00000000e5d00000, 0x00000000e5d00000|100%| E|CS|TAMS 0x00000000e5c00000, 0x00000000e5c00000| Complete 
|  93|0x00000000e5d00000, 0x00000000e5e00000, 0x00000000e5e00000|100%| E|CS|TAMS 0x00000000e5d00000, 0x00000000e5d00000| Complete 
|  94|0x00000000e5e00000, 0x00000000e5e18510, 0x00000000e5f00000|  9%| E|CS|TAMS 0x00000000e5e00000, 0x00000000e5e00000| Complete 
|  95|0x00000000e5f00000, 0x00000000e6000000, 0x00000000e6000000|100%| E|CS|TAMS 0x00000000e5f00000, 0x00000000e5f00000| Complete 
|  96|0x00000000e6000000, 0x00000000e6100000, 0x00000000e6100000|100%| E|CS|TAMS 0x00000000e6000000, 0x00000000e6000000| Complete 
|  97|0x00000000e6100000, 0x00000000e6200000, 0x00000000e6200000|100%| E|CS|TAMS 0x00000000e6100000, 0x00000000e6100000| Complete 
|  98|0x00000000e6200000, 0x00000000e6300000, 0x00000000e6300000|100%| E|CS|TAMS 0x00000000e6200000, 0x00000000e6200000| Complete 
|  99|0x00000000e6300000, 0x00000000e6400000, 0x00000000e6400000|100%| E|CS|TAMS 0x00000000e6300000, 0x00000000e6300000| Complete 
| 100|0x00000000e6400000, 0x00000000e6500000, 0x00000000e6500000|100%| E|CS|TAMS 0x00000000e6400000, 0x00000000e6400000| Complete 
| 101|0x00000000e6500000, 0x00000000e6600000, 0x00000000e6600000|100%| E|CS|TAMS 0x00000000e6500000, 0x00000000e6500000| Complete 
| 102|0x00000000e6600000, 0x00000000e6700000, 0x00000000e6700000|100%| E|CS|TAMS 0x00000000e6600000, 0x00000000e6600000| Complete 
| 103|0x00000000e6700000, 0x00000000e6800000, 0x00000000e6800000|100%| E|CS|TAMS 0x00000000e6700000, 0x00000000e6700000| Complete 
| 104|0x00000000e6800000, 0x00000000e6900000, 0x00000000e6900000|100%| E|CS|TAMS 0x00000000e6800000, 0x00000000e6800000| Complete 
| 105|0x00000000e6900000, 0x00000000e6a00000, 0x00000000e6a00000|100%| E|CS|TAMS 0x00000000e6900000, 0x00000000e6900000| Complete 
| 106|0x00000000e6a00000, 0x00000000e6b00000, 0x00000000e6b00000|100%| E|CS|TAMS 0x00000000e6a00000, 0x00000000e6a00000| Complete 
| 107|0x00000000e6b00000, 0x00000000e6c00000, 0x00000000e6c00000|100%| E|CS|TAMS 0x00000000e6b00000, 0x00000000e6b00000| Complete 
| 108|0x00000000e6c00000, 0x00000000e6d00000, 0x00000000e6d00000|100%| E|CS|TAMS 0x00000000e6c00000, 0x00000000e6c00000| Complete 
| 109|0x00000000e6d00000, 0x00000000e6e00000, 0x00000000e6e00000|100%| E|CS|TAMS 0x00000000e6d00000, 0x00000000e6d00000| Complete 
| 110|0x00000000e6e00000, 0x00000000e6f00000, 0x00000000e6f00000|100%| E|CS|TAMS 0x00000000e6e00000, 0x00000000e6e00000| Complete 
| 111|0x00000000e6f00000, 0x00000000e7000000, 0x00000000e7000000|100%| E|CS|TAMS 0x00000000e6f00000, 0x00000000e6f00000| Complete 
| 112|0x00000000e7000000, 0x00000000e7100000, 0x00000000e7100000|100%| E|CS|TAMS 0x00000000e7000000, 0x00000000e7000000| Complete 
| 113|0x00000000e7100000, 0x00000000e7200000, 0x00000000e7200000|100%| E|CS|TAMS 0x00000000e7100000, 0x00000000e7100000| Complete 
| 114|0x00000000e7200000, 0x00000000e7300000, 0x00000000e7300000|100%| E|CS|TAMS 0x00000000e7200000, 0x00000000e7200000| Complete 
| 115|0x00000000e7300000, 0x00000000e7400000, 0x00000000e7400000|100%| E|CS|TAMS 0x00000000e7300000, 0x00000000e7300000| Complete 
| 116|0x00000000e7400000, 0x00000000e7500000, 0x00000000e7500000|100%| E|CS|TAMS 0x00000000e7400000, 0x00000000e7400000| Complete 
| 117|0x00000000e7500000, 0x00000000e7600000, 0x00000000e7600000|100%| E|CS|TAMS 0x00000000e7500000, 0x00000000e7500000| Complete 
| 118|0x00000000e7600000, 0x00000000e7700000, 0x00000000e7700000|100%| E|CS|TAMS 0x00000000e7600000, 0x00000000e7600000| Complete 
| 119|0x00000000e7700000, 0x00000000e7800000, 0x00000000e7800000|100%| E|CS|TAMS 0x00000000e7700000, 0x00000000e7700000| Complete 
| 120|0x00000000e7800000, 0x00000000e7900000, 0x00000000e7900000|100%| E|CS|TAMS 0x00000000e7800000, 0x00000000e7800000| Complete 
| 121|0x00000000e7900000, 0x00000000e7a00000, 0x00000000e7a00000|100%| E|CS|TAMS 0x00000000e7900000, 0x00000000e7900000| Complete 
| 122|0x00000000e7a00000, 0x00000000e7b00000, 0x00000000e7b00000|100%| E|CS|TAMS 0x00000000e7a00000, 0x00000000e7a00000| Complete 
| 123|0x00000000e7b00000, 0x00000000e7c00000, 0x00000000e7c00000|100%| E|CS|TAMS 0x00000000e7b00000, 0x00000000e7b00000| Complete 
| 124|0x00000000e7c00000, 0x00000000e7d00000, 0x00000000e7d00000|100%| E|CS|TAMS 0x00000000e7c00000, 0x00000000e7c00000| Complete 
| 125|0x00000000e7d00000, 0x00000000e7e00000, 0x00000000e7e00000|100%| E|CS|TAMS 0x00000000e7d00000, 0x00000000e7d00000| Complete 
| 126|0x00000000e7e00000, 0x00000000e7f00000, 0x00000000e7f00000|100%| E|CS|TAMS 0x00000000e7e00000, 0x00000000e7e00000| Complete 
| 127|0x00000000e7f00000, 0x00000000e8000000, 0x00000000e8000000|100%| E|CS|TAMS 0x00000000e7f00000, 0x00000000e7f00000| Complete 

Card table byte_map: [0x00000263a96d0000,0x00000263a97d0000] _byte_map_base: 0x00000263a8fd0000

Marking Bits (Prev, Next): (CMBitMap*) 0x000002638fd19260, (CMBitMap*) 0x000002638fd19228
 Prev Bits: [0x00000263aa0d0000, 0x00000263aa8d0000)
 Next Bits: [0x00000263a98d0000, 0x00000263aa0d0000)

Polling page: 0x000002638fdc0000

Metaspace:

Usage:
  Non-class:     20.77 MB capacity,    20.50 MB ( 99%) used,   238.47 KB (  1%) free+waste,    36.94 KB ( <1%) overhead. 
      Class:      2.65 MB capacity,     2.49 MB ( 94%) used,   144.76 KB (  5%) free+waste,    16.50 KB ( <1%) overhead. 
       Both:     23.41 MB capacity,    22.99 MB ( 98%) used,   383.23 KB (  2%) free+waste,    53.44 KB ( <1%) overhead. 

Virtual space:
  Non-class space:       22.00 MB reserved,      21.00 MB ( 95%) committed 
      Class space:        1.00 GB reserved,       2.75 MB ( <1%) committed 
             Both:        1.02 GB reserved,      23.75 MB (  2%) committed 

Chunk freelists:
   Non-Class:  48.00 KB
       Class:  8.00 KB
        Both:  56.00 KB

MaxMetaspaceSize: 17179869184.00 GB
CompressedClassSpaceSize: 1.00 GB

CodeHeap 'non-profiled nmethods': size=120000Kb used=1017Kb max_used=1017Kb free=118983Kb
 bounds [0x00000263a1640000, 0x00000263a18b0000, 0x00000263a8b70000]
CodeHeap 'profiled nmethods': size=120000Kb used=4544Kb max_used=4544Kb free=115455Kb
 bounds [0x000002639a110000, 0x000002639a590000, 0x00000263a1640000]
CodeHeap 'non-nmethods': size=5760Kb used=2158Kb max_used=2195Kb free=3601Kb
 bounds [0x0000026399b70000, 0x0000026399de0000, 0x000002639a110000]
 total_blobs=3647 nmethods=2046 adapters=611
 compilation: enabled
              stopped_count=0, restarted_count=0
 full_count=0

Compilation events (20 events):
Event: 12.277 Thread 0x00000263ad324000 nmethod 2140 0x000002639a575e90 code [0x000002639a576060, 0x000002639a5762d0]
Event: 12.284 Thread 0x00000263ad324000 2142       3       java.util.regex.Pattern::curly (115 bytes)
Event: 12.286 Thread 0x00000263ad324000 nmethod 2142 0x000002639a576390 code [0x000002639a5766e0, 0x000002639a577ff0]
Event: 12.286 Thread 0x00000263ad324000 2143       3       java.util.regex.Pattern::atom (422 bytes)
Event: 12.289 Thread 0x00000263ad324000 nmethod 2143 0x000002639a578610 code [0x000002639a578aa0, 0x000002639a57b560]
Event: 12.289 Thread 0x00000263ad324000 2144       3       java.security.PermissionCollection::<init> (5 bytes)
Event: 12.290 Thread 0x00000263ad324000 nmethod 2144 0x000002639a57c010 code [0x000002639a57c1c0, 0x000002639a57c378]
Event: 12.290 Thread 0x00000263ad324000 2145       1       java.nio.Buffer::capacity (5 bytes)
Event: 12.290 Thread 0x00000263ad324000 nmethod 2145 0x00000263a173dd10 code [0x00000263a173dec0, 0x00000263a173dfd8]
Event: 12.292 Thread 0x00000263ad324000 2146   !   3       sun.nio.fs.WindowsPath::initOffsets (153 bytes)
Event: 12.295 Thread 0x00000263ad324000 nmethod 2146 0x000002639a57c410 code [0x000002639a57c8a0, 0x000002639a57f0f0]
Event: 12.295 Thread 0x00000263ad324000 2150       3       java.nio.charset.CoderResult::isUnderflow (13 bytes)
Event: 12.295 Thread 0x00000263ad324000 nmethod 2150 0x000002639a580090 code [0x000002639a580240, 0x000002639a5803f8]
Event: 12.295 Thread 0x00000263ad324000 2147       1       java.net.JarURLConnection::getJarFileURL (5 bytes)
Event: 12.295 Thread 0x00000263ad324000 nmethod 2147 0x00000263a173e090 code [0x00000263a173e240, 0x00000263a173e358]
Event: 12.295 Thread 0x00000263ad324000 2148       3       java.nio.CharBuffer::position (6 bytes)
Event: 12.296 Thread 0x00000263ad324000 nmethod 2148 0x000002639a580490 code [0x000002639a580660, 0x000002639a580870]
Event: 12.296 Thread 0x00000263ad324000 2151       3       jdk.internal.loader.BuiltinClassLoader$1::hasNext (93 bytes)
Event: 12.296 Thread 0x00000263ad324000 nmethod 2151 0x000002639a580990 code [0x000002639a580be0, 0x000002639a581630]
Event: 12.296 Thread 0x00000263ad324000 2152       3       java.util.regex.Pattern::sequence (645 bytes)

GC Heap History (7 events):
Event: 6.145 GC heap before
{Heap before GC invocations=0 (full 0):
 garbage-first heap   total 131072K, used 28672K [0x00000000e0000000, 0x0000000100000000)
  region size 1024K, 24 young (24576K), 0 survivors (0K)
 Metaspace       used 9378K, capacity 9603K, committed 9728K, reserved 1058816K
  class space    used 917K, capacity 990K, committed 1024K, reserved 1048576K
}
Event: 6.547 GC heap after
{Heap after GC invocations=1 (full 0):
 garbage-first heap   total 131072K, used 16489K [0x00000000e0000000, 0x0000000100000000)
  region size 1024K, 3 young (3072K), 3 survivors (3072K)
 Metaspace       used 9378K, capacity 9603K, committed 9728K, reserved 1058816K
  class space    used 917K, capacity 990K, committed 1024K, reserved 1048576K
}
Event: 8.620 GC heap before
{Heap before GC invocations=1 (full 0):
 garbage-first heap   total 131072K, used 31849K [0x00000000e0000000, 0x0000000100000000)
  region size 1024K, 19 young (19456K), 3 survivors (3072K)
 Metaspace       used 14369K, capacity 14675K, committed 14720K, reserved 1062912K
  class space    used 1551K, capacity 1658K, committed 1664K, reserved 1048576K
}
Event: 8.730 GC heap after
{Heap after GC invocations=2 (full 0):
 garbage-first heap   total 131072K, used 17878K [0x00000000e0000000, 0x0000000100000000)
  region size 1024K, 2 young (2048K), 2 survivors (2048K)
 Metaspace       used 14369K, capacity 14675K, committed 14720K, reserved 1062912K
  class space    used 1551K, capacity 1658K, committed 1664K, reserved 1048576K
}
Event: 9.959 GC heap before
{Heap before GC invocations=2 (full 0):
 garbage-first heap   total 131072K, used 46550K [0x00000000e0000000, 0x0000000100000000)
  region size 1024K, 29 young (29696K), 2 survivors (2048K)
 Metaspace       used 20838K, capacity 21207K, committed 21248K, reserved 1069056K
  class space    used 2167K, capacity 2300K, committed 2304K, reserved 1048576K
}
Event: 9.970 GC heap after
{Heap after GC invocations=3 (full 0):
 garbage-first heap   total 131072K, used 20987K [0x00000000e0000000, 0x0000000100000000)
  region size 1024K, 5 young (5120K), 5 survivors (5120K)
 Metaspace       used 20838K, capacity 21207K, committed 21248K, reserved 1069056K
  class space    used 2167K, capacity 2300K, committed 2304K, reserved 1048576K
}
Event: 12.298 GC heap before
{Heap before GC invocations=4 (full 0):
 garbage-first heap   total 131072K, used 85499K [0x00000000e0000000, 0x0000000100000000)
  region size 1024K, 69 young (70656K), 5 survivors (5120K)
 Metaspace       used 23539K, capacity 23976K, committed 24320K, reserved 1071104K
  class space    used 2550K, capacity 2712K, committed 2816K, reserved 1048576K
}

Deoptimization events (20 events):
Event: 11.352 Thread 0x00000263ae258800 DEOPT PACKING pc=0x000002639a4e5b62 sp=0x000000f4c60f7fa0
Event: 11.352 Thread 0x00000263ae258800 DEOPT UNPACKING pc=0x0000026399b98cce sp=0x000000f4c60f7430 mode 0
Event: 11.352 Thread 0x00000263ae258800 DEOPT PACKING pc=0x000002639a4e5b62 sp=0x000000f4c60f7fa0
Event: 11.352 Thread 0x00000263ae258800 DEOPT UNPACKING pc=0x0000026399b98cce sp=0x000000f4c60f7430 mode 0
Event: 11.354 Thread 0x00000263ae258800 DEOPT PACKING pc=0x000002639a4e5b62 sp=0x000000f4c60f7e30
Event: 11.354 Thread 0x00000263ae258800 DEOPT UNPACKING pc=0x0000026399b98cce sp=0x000000f4c60f72c0 mode 0
Event: 11.366 Thread 0x00000263ae258800 DEOPT PACKING pc=0x000002639a4e5b62 sp=0x000000f4c60f7e30
Event: 11.366 Thread 0x00000263ae258800 DEOPT UNPACKING pc=0x0000026399b98cce sp=0x000000f4c60f72c0 mode 0
Event: 11.367 Thread 0x00000263ae258800 DEOPT PACKING pc=0x000002639a4e5b62 sp=0x000000f4c60f7e30
Event: 11.368 Thread 0x00000263ae258800 DEOPT UNPACKING pc=0x0000026399b98cce sp=0x000000f4c60f72c0 mode 0
Event: 11.369 Thread 0x00000263ae258800 DEOPT PACKING pc=0x000002639a4e5b62 sp=0x000000f4c60f7e30
Event: 11.369 Thread 0x00000263ae258800 DEOPT UNPACKING pc=0x0000026399b98cce sp=0x000000f4c60f72c0 mode 0
Event: 11.594 Thread 0x00000263ae258800 DEOPT PACKING pc=0x000002639a2105ec sp=0x000000f4c60f7910
Event: 11.594 Thread 0x00000263ae258800 DEOPT UNPACKING pc=0x0000026399b98cce sp=0x000000f4c60f6eb0 mode 0
Event: 11.672 Thread 0x00000263ae258800 DEOPT PACKING pc=0x000002639a2105ec sp=0x000000f4c60f7910
Event: 11.672 Thread 0x00000263ae258800 DEOPT UNPACKING pc=0x0000026399b98cce sp=0x000000f4c60f6eb0 mode 0
Event: 12.060 Thread 0x00000263ae258800 DEOPT PACKING pc=0x000002639a4a9b34 sp=0x000000f4c60f8330
Event: 12.060 Thread 0x00000263ae258800 DEOPT UNPACKING pc=0x0000026399b98cce sp=0x000000f4c60f7880 mode 0
Event: 12.190 Thread 0x00000263ae258800 DEOPT PACKING pc=0x000002639a31d216 sp=0x000000f4c60f84f0
Event: 12.190 Thread 0x00000263ae258800 DEOPT UNPACKING pc=0x0000026399b98cce sp=0x000000f4c60f7a30 mode 0

Classes redefined (0 events):
No events

Internal exceptions (20 events):
Event: 10.465 Thread 0x00000263ae258800 Exception <a 'java/lang/ClassNotFoundException'{0x00000000e7814ed8}: org/gradle/test/fixtures/file/CleanupTestDirectoryExtension$FailureCleanupInterceptorBeanInfo> (0x00000000e7814ed8) thrown at [c:/cygwin64/tmp/openjdk-jdk11u-windows-x64-hotspot/workspac
Event: 10.468 Thread 0x00000263ae258800 Exception <a 'java/lang/ClassNotFoundException'{0x00000000e7841598}: org/gradle/test/fixtures/file/CleanupTestDirectoryExtension$FailureCleanupInterceptorCustomizer> (0x00000000e7841598) thrown at [c:/cygwin64/tmp/openjdk-jdk11u-windows-x64-hotspot/worksp
Event: 10.480 Thread 0x00000263ae258800 Exception <a 'java/lang/ClassNotFoundException'{0x00000000e78d4fe0}: org/spockframework/runtime/model/FeatureInfoBeanInfo> (0x00000000e78d4fe0) thrown at [c:/cygwin64/tmp/openjdk-jdk11u-windows-x64-hotspot/workspace/build/src/src/hotspot/share/classfile/s
Event: 10.481 Thread 0x00000263ae258800 Exception <a 'java/lang/ClassNotFoundException'{0x00000000e78f5cb8}: org/spockframework/runtime/model/FeatureInfoCustomizer> (0x00000000e78f5cb8) thrown at [c:/cygwin64/tmp/openjdk-jdk11u-windows-x64-hotspot/workspace/build/src/src/hotspot/share/classfile
Event: 10.495 Thread 0x00000263ae258800 Exception <a 'java/lang/ClassNotFoundException'{0x00000000e777ec30}: org/gradle/integtests/fixtures/ToBeFixedForInstantExecutionExtensionBeanInfo> (0x00000000e777ec30) thrown at [c:/cygwin64/tmp/openjdk-jdk11u-windows-x64-hotspot/workspace/build/src/src/h
Event: 10.496 Thread 0x00000263ae258800 Exception <a 'java/lang/ClassNotFoundException'{0x00000000e77a6270}: org/gradle/integtests/fixtures/ToBeFixedForInstantExecutionExtensionCustomizer> (0x00000000e77a6270) thrown at [c:/cygwin64/tmp/openjdk-jdk11u-windows-x64-hotspot/workspace/build/src/src
Event: 11.059 Thread 0x00000263ae258800 Exception <a 'java/lang/NoSuchMethodError'{0x00000000e6ed1c78}: 'int java.lang.invoke.DirectMethodHandle$Holder.invokeStaticInit(java.lang.Object, java.lang.Object)'> (0x00000000e6ed1c78) thrown at [c:/cygwin64/tmp/openjdk-jdk11u-windows-x64-hotspot/works
Event: 11.923 Thread 0x00000263ae258800 Exception <a 'java/lang/NoSuchMethodError'{0x00000000e4f98900}: 'int java.lang.invoke.DirectMethodHandle$Holder.invokeSpecial(java.lang.Object, java.lang.Object, java.lang.Object, java.lang.Object)'> (0x00000000e4f98900) thrown at [c:/cygwin64/tmp/openjdk
Event: 12.155 Thread 0x00000263ae258800 Exception <a 'java/security/PrivilegedActionException'{0x00000000e4294f30}> (0x00000000e4294f30) thrown at [c:/cygwin64/tmp/openjdk-jdk11u-windows-x64-hotspot/workspace/build/src/src/hotspot/share/prims/jvm.cpp, line 1297]
Event: 12.155 Thread 0x00000263ae258800 Exception <a 'java/security/PrivilegedActionException'{0x00000000e42959f8}> (0x00000000e42959f8) thrown at [c:/cygwin64/tmp/openjdk-jdk11u-windows-x64-hotspot/workspace/build/src/src/hotspot/share/prims/jvm.cpp, line 1297]
Event: 12.156 Thread 0x00000263ae258800 Exception <a 'java/security/PrivilegedActionException'{0x00000000e4297880}> (0x00000000e4297880) thrown at [c:/cygwin64/tmp/openjdk-jdk11u-windows-x64-hotspot/workspace/build/src/src/hotspot/share/prims/jvm.cpp, line 1297]
Event: 12.157 Thread 0x00000263ae258800 Exception <a 'java/security/PrivilegedActionException'{0x00000000e4298348}> (0x00000000e4298348) thrown at [c:/cygwin64/tmp/openjdk-jdk11u-windows-x64-hotspot/workspace/build/src/src/hotspot/share/prims/jvm.cpp, line 1297]
Event: 12.157 Thread 0x00000263ae258800 Exception <a 'java/security/PrivilegedActionException'{0x00000000e429a298}> (0x00000000e429a298) thrown at [c:/cygwin64/tmp/openjdk-jdk11u-windows-x64-hotspot/workspace/build/src/src/hotspot/share/prims/jvm.cpp, line 1297]
Event: 12.157 Thread 0x00000263ae258800 Exception <a 'java/security/PrivilegedActionException'{0x00000000e429ad60}> (0x00000000e429ad60) thrown at [c:/cygwin64/tmp/openjdk-jdk11u-windows-x64-hotspot/workspace/build/src/src/hotspot/share/prims/jvm.cpp, line 1297]
Event: 12.157 Thread 0x00000263ae258800 Exception <a 'java/security/PrivilegedActionException'{0x00000000e429cc00}> (0x00000000e429cc00) thrown at [c:/cygwin64/tmp/openjdk-jdk11u-windows-x64-hotspot/workspace/build/src/src/hotspot/share/prims/jvm.cpp, line 1297]
Event: 12.157 Thread 0x00000263ae258800 Exception <a 'java/security/PrivilegedActionException'{0x00000000e429d6c8}> (0x00000000e429d6c8) thrown at [c:/cygwin64/tmp/openjdk-jdk11u-windows-x64-hotspot/workspace/build/src/src/hotspot/share/prims/jvm.cpp, line 1297]
Event: 12.158 Thread 0x00000263ae258800 Exception <a 'java/security/PrivilegedActionException'{0x00000000e429f5a8}> (0x00000000e429f5a8) thrown at [c:/cygwin64/tmp/openjdk-jdk11u-windows-x64-hotspot/workspace/build/src/src/hotspot/share/prims/jvm.cpp, line 1297]
Event: 12.158 Thread 0x00000263ae258800 Exception <a 'java/security/PrivilegedActionException'{0x00000000e42a0070}> (0x00000000e42a0070) thrown at [c:/cygwin64/tmp/openjdk-jdk11u-windows-x64-hotspot/workspace/build/src/src/hotspot/share/prims/jvm.cpp, line 1297]
Event: 12.158 Thread 0x00000263ae258800 Exception <a 'java/security/PrivilegedActionException'{0x00000000e42a1fc0}> (0x00000000e42a1fc0) thrown at [c:/cygwin64/tmp/openjdk-jdk11u-windows-x64-hotspot/workspace/build/src/src/hotspot/share/prims/jvm.cpp, line 1297]
Event: 12.158 Thread 0x00000263ae258800 Exception <a 'java/security/PrivilegedActionException'{0x00000000e42a2a88}> (0x00000000e42a2a88) thrown at [c:/cygwin64/tmp/openjdk-jdk11u-windows-x64-hotspot/workspace/build/src/src/hotspot/share/prims/jvm.cpp, line 1297]

Events (20 events):
Event: 12.282 loading class org/gradle/internal/resource/transport/gcp/gcs/GcsResourcesPluginServiceRegistry done
Event: 12.283 loading class org/gradle/caching/http/internal/HttpBuildCacheServiceServices
Event: 12.283 loading class org/gradle/caching/http/internal/HttpBuildCacheServiceServices done
Event: 12.284 loading class org/gradle/internal/resource/transport/http/HttpResourcesPluginServiceRegistry
Event: 12.284 loading class org/gradle/internal/resource/transport/http/HttpResourcesPluginServiceRegistry done
Event: 12.285 loading class org/gradle/kotlin/dsl/services/KotlinScriptServiceRegistry
Event: 12.285 loading class org/gradle/kotlin/dsl/services/KotlinScriptServiceRegistry done
Event: 12.286 loading class org/gradle/tooling/internal/provider/LauncherServices
Event: 12.286 loading class org/gradle/tooling/internal/provider/LauncherServices done
Event: 12.286 loading class sun/security/util/ManifestEntryVerifier
Event: 12.287 loading class sun/security/util/ManifestEntryVerifier done
Event: 12.288 loading class org/gradle/internal/resource/transport/sftp/SftpResourcesPluginServiceRegistry
Event: 12.288 loading class org/gradle/internal/resource/transport/sftp/SftpResourcesPluginServiceRegistry done
Event: 12.289 loading class org/gradle/caching/internal/BuildCacheServices
Event: 12.289 loading class org/gradle/caching/internal/BuildCacheServices done
Event: 12.290 loading class org/gradle/internal/service/scopes/ExecutionServices
Event: 12.290 loading class org/gradle/internal/service/scopes/ExecutionServices done
Event: 12.290 loading class org/gradle/internal/service/scopes/VirtualFileSystemServices
Event: 12.290 loading class org/gradle/internal/service/scopes/VirtualFileSystemServices done
Event: 12.298 Executing VM operation: G1CollectForAllocation


Dynamic libraries:
0x00007ff620b80000 - 0x00007ff620b8d000 	C:\Program Files\AdoptOpenJDK\jdk-11.0.6.10-hotspot\bin\java.exe
0x00007ff950970000 - 0x00007ff950b66000 	C:\WINDOWS\SYSTEM32\ntdll.dll
0x00007ff94f930000 - 0x00007ff94f9ed000 	C:\WINDOWS\System32\KERNEL32.DLL
0x00007ff94e210000 - 0x00007ff94e4d8000 	C:\WINDOWS\System32\KERNELBASE.dll
0x00007ff94e880000 - 0x00007ff94e980000 	C:\WINDOWS\System32\ucrtbase.dll
0x00007ff9382f0000 - 0x00007ff938307000 	C:\Program Files\AdoptOpenJDK\jdk-11.0.6.10-hotspot\bin\jli.dll
0x00007ff9373c0000 - 0x00007ff9373d6000 	C:\Program Files\AdoptOpenJDK\jdk-11.0.6.10-hotspot\bin\VCRUNTIME140.dll
0x00007ff950180000 - 0x00007ff950320000 	C:\WINDOWS\System32\USER32.dll
0x00007ff94e9b0000 - 0x00007ff94e9d2000 	C:\WINDOWS\System32\win32u.dll
0x00007ff93f9c0000 - 0x00007ff93fc5b000 	C:\WINDOWS\WinSxS\amd64_microsoft.windows.common-controls_6595b64144ccf1df_6.0.19041.488_none_ca04af081b815d21\COMCTL32.dll
0x00007ff9506a0000 - 0x00007ff9506ca000 	C:\WINDOWS\System32\GDI32.dll
0x00007ff9500d0000 - 0x00007ff95016e000 	C:\WINDOWS\System32\msvcrt.dll
0x00007ff94e590000 - 0x00007ff94e699000 	C:\WINDOWS\System32\gdi32full.dll
0x00007ff94e0c0000 - 0x00007ff94e15d000 	C:\WINDOWS\System32\msvcp_win.dll
0x00007ff94fe40000 - 0x00007ff94fe70000 	C:\WINDOWS\System32\IMM32.DLL
0x00007ff91bde0000 - 0x00007ff91be7b000 	C:\Program Files\AdoptOpenJDK\jdk-11.0.6.10-hotspot\bin\msvcp140.dll
0x00007ff8fb6c0000 - 0x00007ff8fc17c000 	C:\Program Files\AdoptOpenJDK\jdk-11.0.6.10-hotspot\bin\server\jvm.dll
0x00007ff94f090000 - 0x00007ff94f13a000 	C:\WINDOWS\System32\ADVAPI32.dll
0x00007ff94f9f0000 - 0x00007ff94fa8b000 	C:\WINDOWS\System32\sechost.dll
0x00007ff94fe70000 - 0x00007ff94ff94000 	C:\WINDOWS\System32\RPCRT4.dll
0x00007ff950170000 - 0x00007ff950178000 	C:\WINDOWS\System32\PSAPI.DLL
0x00007ff93dfe0000 - 0x00007ff93dfe9000 	C:\WINDOWS\SYSTEM32\WSOCK32.dll
0x00007ff9507f0000 - 0x00007ff95085b000 	C:\WINDOWS\System32\WS2_32.dll
0x00007ff93fc60000 - 0x00007ff93fc87000 	C:\WINDOWS\SYSTEM32\WINMM.dll
0x00007ff93f990000 - 0x00007ff93f99a000 	C:\WINDOWS\SYSTEM32\VERSION.dll
0x00007ff94c030000 - 0x00007ff94c042000 	C:\WINDOWS\SYSTEM32\kernel.appcore.dll
0x00007ff93b1b0000 - 0x00007ff93b1c0000 	C:\Program Files\AdoptOpenJDK\jdk-11.0.6.10-hotspot\bin\verify.dll
0x00007ff940280000 - 0x00007ff940464000 	C:\WINDOWS\SYSTEM32\DBGHELP.DLL
0x00007ff93df60000 - 0x00007ff93df8c000 	C:\WINDOWS\SYSTEM32\dbgcore.DLL
0x00007ff94e6a0000 - 0x00007ff94e71f000 	C:\WINDOWS\System32\bcryptPrimitives.dll
0x00007ff9370f0000 - 0x00007ff937118000 	C:\Program Files\AdoptOpenJDK\jdk-11.0.6.10-hotspot\bin\java.dll
0x00007ff936c00000 - 0x00007ff936c17000 	C:\Program Files\AdoptOpenJDK\jdk-11.0.6.10-hotspot\bin\zip.dll
0x00007ff93a650000 - 0x00007ff93a65a000 	C:\Program Files\AdoptOpenJDK\jdk-11.0.6.10-hotspot\bin\jimage.dll
0x00007ff94f140000 - 0x00007ff94f880000 	C:\WINDOWS\System32\SHELL32.dll
0x00007ff94c230000 - 0x00007ff94c9c4000 	C:\WINDOWS\SYSTEM32\windows.storage.dll
0x00007ff950340000 - 0x00007ff950695000 	C:\WINDOWS\System32\combase.dll
0x00007ff94db30000 - 0x00007ff94db5c000 	C:\WINDOWS\SYSTEM32\Wldp.dll
0x00007ff94fd90000 - 0x00007ff94fe3e000 	C:\WINDOWS\System32\SHCORE.dll
0x00007ff94fd30000 - 0x00007ff94fd85000 	C:\WINDOWS\System32\shlwapi.dll
0x00007ff94dff0000 - 0x00007ff94e016000 	C:\WINDOWS\SYSTEM32\profapi.dll
0x00007ff9369a0000 - 0x00007ff9369b9000 	C:\Program Files\AdoptOpenJDK\jdk-11.0.6.10-hotspot\bin\net.dll
0x00007ff946ed0000 - 0x00007ff946fd0000 	C:\WINDOWS\SYSTEM32\WINHTTP.dll
0x00007ff94d840000 - 0x00007ff94d8aa000 	C:\WINDOWS\system32\mswsock.dll
0x00007ff9365f0000 - 0x00007ff936602000 	C:\Program Files\AdoptOpenJDK\jdk-11.0.6.10-hotspot\bin\nio.dll
0x00007ff94da10000 - 0x00007ff94da28000 	C:\WINDOWS\SYSTEM32\CRYPTSP.dll
0x00007ff94d170000 - 0x00007ff94d1a4000 	C:\WINDOWS\system32\rsaenh.dll
0x00007ff94e980000 - 0x00007ff94e9a7000 	C:\WINDOWS\System32\bcrypt.dll
0x00007ff94dfb0000 - 0x00007ff94dfde000 	C:\WINDOWS\SYSTEM32\USERENV.dll
0x00007ff94da30000 - 0x00007ff94da3c000 	C:\WINDOWS\SYSTEM32\CRYPTBASE.dll
0x00007ff94d4d0000 - 0x00007ff94d50b000 	C:\WINDOWS\SYSTEM32\IPHLPAPI.DLL
0x00007ff94fcc0000 - 0x00007ff94fcc9000 	C:\WINDOWS\System32\NSI.dll
0x00007ff944e40000 - 0x00007ff944e57000 	C:\WINDOWS\SYSTEM32\dhcpcsvc6.DLL
0x00007ff9458b0000 - 0x00007ff9458cd000 	C:\WINDOWS\SYSTEM32\dhcpcsvc.DLL
0x00007ff94d570000 - 0x00007ff94d63b000 	C:\WINDOWS\SYSTEM32\DNSAPI.dll
0x00007ff92ee50000 - 0x00007ff92ee77000 	C:\Users\dfbra\Documents\SoftwareEvProject\gradle\gradle-6.6.1\subprojects\antlr\build\native-libs\native\9f2fa17c089eee584f3420100432f77ec4c098959e4bf121a4d6054c26537dfb\windows-amd64\native-platform.dll

dbghelp: loaded successfully - version: 4.0.5 - missing functions: none
symbol engine: initialized successfully - sym options: 0x614 - pdb path: .;C:\Program Files\AdoptOpenJDK\jdk-11.0.6.10-hotspot\bin;C:\WINDOWS\SYSTEM32;C:\WINDOWS\WinSxS\amd64_microsoft.windows.common-controls_6595b64144ccf1df_6.0.19041.488_none_ca04af081b815d21;C:\Program Files\AdoptOpenJDK\jdk-11.0.6.10-hotspot\bin\server;C:\Users\dfbra\Documents\SoftwareEvProject\gradle\gradle-6.6.1\subprojects\antlr\build\native-libs\native\9f2fa17c089eee584f3420100432f77ec4c098959e4bf121a4d6054c26537dfb\windows-amd64

VM Arguments:
jvm_args: -DintegTest.distZipVersion=6.6.1-20201101050000+0000 -DintegTest.gradleUserHomeDir=C:\Users\dfbra\Documents\SoftwareEvProject\gradle\gradle-6.6.1\intTestHomeDir\distributions-full -DintegTest.samplesdir=C:\Users\dfbra\Documents\SoftwareEvProject\gradle\gradle-6.6.1\subprojects\docs\src\snippets -Dorg.gradle.integtest.daemon.registry=C:\Users\dfbra\Documents\SoftwareEvProject\gradle\gradle-6.6.1\build\daemon\distributions-full -Dorg.gradle.integtest.executer=embedded -Dorg.gradle.integtest.versions=default -Dorg.gradle.native=false --add-opens=java.base/java.util=ALL-UNNAMED --add-opens=java.base/java.lang=ALL-UNNAMED -XX:+HeapDumpOnOutOfMemoryError -Xmx512m -Dfile.encoding=UTF-8 -Duser.country=US -Duser.language=en -Duser.variant -ea 
java_command: worker.org.gradle.process.internal.worker.GradleWorkerMain 'Gradle Test Executor 131'
java_class_path (initial): C:\\Users\\dfbra\\.gradle\\caches\\6.6.1\\workerMain\\gradle-worker.jar;C:\\Users\\dfbra\\Documents\\SoftwareEvProject\\gradle\\gradle-6.6.1\\subprojects\\antlr\\build\\classes\\java\\integTest;C:\\Users\\dfbra\\Documents\\SoftwareEvProject\\gradle\\gradle-6.6.1\\subprojects\\antlr\\build\\classes\\groovy\\integTest;C:\\Users\\dfbra\\Documents\\SoftwareEvProject\\gradle\\gradle-6.6.1\\subprojects\\antlr\\build\\resources\\integTest;C:\\Users\\dfbra\\Documents\\SoftwareEvProject\\gradle\\gradle-6.6.1\\subprojects\\distributions-full\\build\\libs\\gradle-runtime-api-info-6.6.1.jar;C:\\Users\\dfbra\\Documents\\SoftwareEvProject\\gradle\\gradle-6.6.1\\subprojects\\antlr\\build\\libs\\gradle-antlr-6.6.1.jar;C:\\Users\\dfbra\\Documents\\SoftwareEvProject\\gradle\\gradle-6.6.1\\subprojects\\build-init\\build\\libs\\gradle-build-init-6.6.1.jar;C:\\Users\\dfbra\\Documents\\SoftwareEvProject\\gradle\\gradle-6.6.1\\subprojects\\ide-play\\build\\libs\\gradle-ide-play-6.6.1.jar;C:\\Users\\dfbra\\Documents\\SoftwareEvProject\\gradle\\gradle-6.6.1\\subprojects\\platform-play\\build\\libs\\gradle-platform-play-6.6.1.jar;C:\\Users\\dfbra\\Documents\\SoftwareEvProject\\gradle\\gradle-6.6.1\\subprojects\\javascript\\build\\libs\\gradle-javascript-6.6.1.jar;C:\\Users\\dfbra\\Documents\\SoftwareEvProject\\gradle\\gradle-6.6.1\\subprojects\\internal-integ-testing\\build\\libs\\gradle-internal-integ-testing-6.6.1.jar;C:\\Users\\dfbra\\Documents\\SoftwareEvProject\\gradle\\gradle-6.6.1\\subprojects\\instant-execution\\build\\libs\\gradle-instant-execution-6.6.1.jar;C:\\Users\\dfbra\\Documents\\SoftwareEvProject\\gradle\\gradle-6.6.1\\subprojects\\signing\\build\\libs\\gradle-signing-6.6.1.jar;C:\\Users\\dfbra\\Documents\\SoftwareEvProject\\gradle\\gradle-6.6.1\\subprojects\\tooling-native\\build\\libs\\gradle-tooling-native-6.6.1.jar;C:\\Users\\dfbra\\Documents\\SoftwareEvProject\\gradle\\gradle-6.6.1\\subprojects\\ide-native\\build\\libs\\gradle-ide-native-6.6
Launcher Type: SUN_STANDARD

[Global flags]
     intx CICompilerCount                          = 4                                         {product} {ergonomic}
     uint ConcGCThreads                            = 2                                         {product} {ergonomic}
     uint G1ConcRefinementThreads                  = 8                                         {product} {ergonomic}
   size_t G1HeapRegionSize                         = 1048576                                   {product} {ergonomic}
    uintx GCDrainStackTargetSize                   = 64                                        {product} {ergonomic}
     bool HeapDumpOnOutOfMemoryError               = true                                   {manageable} {command line}
   size_t InitialHeapSize                          = 134217728                                 {product} {ergonomic}
   size_t MarkStackSize                            = 4194304                                   {product} {ergonomic}
   size_t MaxHeapSize                              = 536870912                                 {product} {command line}
   size_t MaxNewSize                               = 321912832                                 {product} {ergonomic}
   size_t MinHeapDeltaBytes                        = 1048576                                   {product} {ergonomic}
    uintx NonNMethodCodeHeapSize                   = 5836300                                {pd product} {ergonomic}
    uintx NonProfiledCodeHeapSize                  = 122910970                              {pd product} {ergonomic}
    uintx ProfiledCodeHeapSize                     = 122910970                              {pd product} {ergonomic}
    uintx ReservedCodeCacheSize                    = 251658240                              {pd product} {ergonomic}
     bool SegmentedCodeCache                       = true                                      {product} {ergonomic}
     bool UseCompressedClassPointers               = true                                 {lp64_product} {ergonomic}
     bool UseCompressedOops                        = true                                 {lp64_product} {ergonomic}
     bool UseG1GC                                  = true                                      {product} {ergonomic}
     bool UseLargePagesIndividualAllocation        = false                                  {pd product} {ergonomic}

Logging:
Log output configuration:
 #0: stdout all=warning uptime,level,tags
 #1: stderr all=off uptime,level,tags

Environment Variables:
JAVA_HOME=C:\Program Files\AdoptOpenJDK\jdk-11.0.6.10-hotspot
PATH=C:\Python38\Scripts\;C:\Python38\;C:\Program Files\AdoptOpenJDK\jdk-11.0.6.10-hotspot\bin;C:\Program Files\AdoptOpenJDK\jdk-8.0.242.08-hotspot\bin;C:\WINDOWS\system32;C:\WINDOWS;C:\WINDOWS\System32\Wbem;C:\WINDOWS\System32\WindowsPowerShell\v1.0\;C:\WINDOWS\System32\OpenSSH\;C:\Program Files\PuTTY\;C:\Program Files\Git\cmd;C:\Program Files\Calibre2\;C:\Program Files\nodejs\;C:\ProgramData\chocolatey\bin;C:\Program Files (x86)\Google\Cloud SDK\google-cloud-sdk\bin;C:\Program Files\PsychoPy3;C:\Program Files\PsychoPy3\DLLs;C:\gradle\gradle-6.6.1\bin;C:\Users\dfbra\AppData\Local\Microsoft\WindowsApps;C:\Users\dfbra\AppData\Local\atom\bin;C:\Users\dfbra\AppData\Roaming\npm;C:\Users\dfbra\AppData\Local\Microsoft\WindowsApps;C:\Users\dfbra\Desktop\apache-maven-3.6.3\bin
USERNAME=dfbra
OS=Windows_NT



---------------  S Y S T E M  ---------------

OS: Windows 10 , 64 bit Build 19041 (10.0.19041.546)

CPU:total 8 (initial active 8) (4 cores per cpu, 2 threads per core) family 6 model 42 stepping 7, cmov, cx8, fxsr, mmx, sse, sse2, sse3, ssse3, sse4.1, sse4.2, popcnt, avx, aes, clmul, ht, tsc, tscinvbit

Memory: 4k page, system-wide physical 8109M (1223M free)
TotalPageFile size 17812M (AvailPageFile size 3204M)
current process WorkingSet (physical memory assigned to process): 192M, peak: 192M
current process commit charge ("private bytes"): 275M, peak: 275M

vm_info: OpenJDK 64-Bit Server VM (11.0.6+10) for windows-amd64 JRE (11.0.6+10), built on Jan 15 2020 06:14:58 by "" with MS VC++ 15.8 (VS2017)

END.
